  ex_6.c
C:\Users\Victor\source\repos\ex_6\ex_6\ex_6.c(9,28): warning C4047: функция: "Person *" отличается по уровням косвенного обращения от "Person *[100]"
C:\Users\Victor\source\repos\ex_6\ex_6\ex_6.c(9,21): warning C4024: load: различные типы для формального и фактического параметров 2
C:\Users\Victor\source\repos\ex_6\ex_6\ex_6.c(14,52): warning C4028: формальный параметр 1 отличается от объявления
C:\Users\Victor\source\repos\ex_6\ex_6\ex_6.c(14,78): warning C4028: формальный параметр 1 отличается от объявления
C:\Users\Victor\source\repos\ex_6\ex_6\ex_6.c(19,29): warning C4047: функция: "Person *" отличается по уровням косвенного обращения от "Person *[100]"
C:\Users\Victor\source\repos\ex_6\ex_6\ex_6.c(19,22): warning C4024: save: различные типы для формального и фактического параметров 2
  person.c
C:\Users\Victor\source\repos\ex_6\ex_6\person.c(87,37): warning C4028: формальный параметр 1 отличается от объявления
C:\Users\Victor\source\repos\ex_6\ex_6\person.c(94,36): warning C4028: формальный параметр 1 отличается от объявления
C:\Users\Victor\source\repos\ex_6\ex_6\person.c(97,34): warning C4028: формальный параметр 1 отличается от объявления
C:\Users\Victor\source\repos\ex_6\ex_6\person.c(104,34): warning C4028: формальный параметр 1 отличается от объявления
C:\Users\Victor\source\repos\ex_6\ex_6\person.c(111,31): warning C4028: формальный параметр 1 отличается от объявления
C:\Users\Victor\source\repos\ex_6\ex_6\person.c(121,32): warning C4028: формальный параметр 1 отличается от объявления
  sorting.c
C:\Users\Victor\source\repos\ex_6\ex_6\sorting.c(11,24): warning C4047: функция: "Person *" отличается по уровням косвенного обращения от "Person **"
C:\Users\Victor\source\repos\ex_6\ex_6\sorting.c(11,21): warning C4024: compare: различные типы для формального и фактического параметров 1
C:\Users\Victor\source\repos\ex_6\ex_6\sorting.c(31,27): warning C4047: функция: "Person *" отличается по уровням косвенного обращения от "Person **"
C:\Users\Victor\source\repos\ex_6\ex_6\sorting.c(31,24): warning C4024: compare: различные типы для формального и фактического параметров 1
C:\Users\Victor\source\repos\ex_6\ex_6\sorting.c(34,27): warning C4047: функция: "Person *" отличается по уровням косвенного обращения от "Person **"
C:\Users\Victor\source\repos\ex_6\ex_6\sorting.c(34,24): warning C4024: compare: различные типы для формального и фактического параметров 1
  Создание кода...
  ex_6.vcxproj -> C:\Users\Victor\source\repos\ex_6\x64\Debug\ex_6.exe
